Using pre-set license
Built from '2020.3/staging' branch; Version is '2020.3.11f1 (99c7afb366b3) revision 10078127'; Using compiler version '192528614'; Build Type 'Release'
OS: 'Windows 10 Pro; OS build 19042.985; Version 2009; 64bit' Language: 'fr' Physical Memory: 16308 MB
BatchMode: 1, IsHumanControllingUs: 0, StartBugReporterOnCrash: 0, Is64bit: 1, IsPro: 0

 COMMAND LINE ARGUMENTS:
C:\Program Files\Unity\Hub\Editor\2020.3.11f1\Editor\Unity.exe
-adb2
-batchMode
-noUpm
-name
AssetImportWorker0
-projectPath
C:/Users/schad/Desktop/TravailDeDiplome/CovidPropagationGUI2D
-logFile
Logs/AssetImportWorker0.log
-srvPort
50022
Successfully changed project path to: C:/Users/schad/Desktop/TravailDeDiplome/CovidPropagationGUI2D
C:/Users/schad/Desktop/TravailDeDiplome/CovidPropagationGUI2D
Using Asset Import Pipeline V2.
Refreshing native plugins compatible for Editor in 38.38 ms, found 3 plugins.
Preloading 0 native plugins for Editor in 0.00 ms.
Initialize engine version: 2020.3.11f1 (99c7afb366b3)
[Subsystems] Discovering subsystems at path C:/Program Files/Unity/Hub/Editor/2020.3.11f1/Editor/Data/Resources/UnitySubsystems
[Subsystems] Discovering subsystems at path C:/Users/schad/Desktop/TravailDeDiplome/CovidPropagationGUI2D/Assets
GfxDevice: creating device client; threaded=0
Direct3D:
    Version:  Direct3D 11.0 [level 11.1]
    Renderer: NVIDIA GeForce RTX 3070 (ID=0x2484)
    Vendor:   
    VRAM:     8043 MB
    Driver:   27.21.14.6647
Initialize mono
Mono path[0] = 'C:/Program Files/Unity/Hub/Editor/2020.3.11f1/Editor/Data/Managed'
Mono path[1] = 'C:/Program Files/Unity/Hub/Editor/2020.3.11f1/Editor/Data/MonoBleedingEdge/lib/mono/unityjit'
Mono config path = 'C:/Program Files/Unity/Hub/Editor/2020.3.11f1/Editor/Data/MonoBleedingEdge/etc'
Using monoOptions --debugger-agent=transport=dt_socket,embedding=1,server=y,suspend=n,address=127.0.0.1:56308
Begin MonoManager ReloadAssembly
Registering precompiled unity dll's ...
Register platform support module: C:/Program Files/Unity/Hub/Editor/2020.3.11f1/Editor/Data/PlaybackEngines/WindowsStandaloneSupport/UnityEditor.WindowsStandalone.Extensions.dll
Registered in 0.001820 seconds.
Native extension for WindowsStandalone target not found
Refreshing native plugins compatible for Editor in 44.27 ms, found 3 plugins.
Preloading 0 native plugins for Editor in 0.00 ms.
Mono: successfully reloaded assembly
- Completed reload, in  1.086 seconds
Platform modules already initialized, skipping
Registering precompiled user dll's ...
Registered in 0.004928 seconds.
Begin MonoManager ReloadAssembly
Native extension for WindowsStandalone target not found
Refreshing native plugins compatible for Editor in 40.82 ms, found 3 plugins.
Preloading 0 native plugins for Editor in 0.00 ms.
Mono: successfully reloaded assembly
- Completed reload, in  1.057 seconds
Platform modules already initialized, skipping
========================================================================
Worker process is ready to serve import requests
Launched and connected shader compiler UnityShaderCompiler.exe after 0.03 seconds
Refreshing native plugins compatible for Editor in 0.39 ms, found 3 plugins.
Preloading 0 native plugins for Editor in 0.00 ms.
Unloading 2084 Unused Serialized files (Serialized files now loaded: 0)
System memory in use before: 93.2 MB.
System memory in use after: 93.2 MB.

Unloading 33 unused Assets to reduce memory usage. Loaded Objects now: 2519.
Total: 1.875700 ms (FindLiveObjects: 0.153000 ms CreateObjectMapping: 0.069700 ms MarkObjects: 1.549700 ms  DeleteObjects: 0.102300 ms)

========================================================================
Received Import Request.
  path: Assets/2DModels/Building.prefab
  artifactKey: Guid(e968e3a9e1606a542b7887c1c192b0c0) Importer(815301076,1909f56bfc062723c751e8b465ee728b)
Start importing Assets/2DModels/Building.prefab using Guid(e968e3a9e1606a542b7887c1c192b0c0) Importer(815301076,1909f56bfc062723c751e8b465ee728b)  -> (artifact id: 'b7520c18bc60ec694360b85d899b8e26') in 0.085567 seconds
  Import took 0.088537 seconds .

========================================================================
Received Import Request.
  Time since last request: 40.857092 seconds.
  path: Assets/2DModels/Building.prefab
  artifactKey: Guid(e968e3a9e1606a542b7887c1c192b0c0) Importer(815301076,1909f56bfc062723c751e8b465ee728b)
Start importing Assets/2DModels/Building.prefab using Guid(e968e3a9e1606a542b7887c1c192b0c0) Importer(815301076,1909f56bfc062723c751e8b465ee728b)  -> (artifact id: '6d56d5fbabf5857c3343ea68bc0b14f6') in 0.019773 seconds
  Import took 0.023367 seconds .

========================================================================
Received Import Request.
  Time since last request: 5.805538 seconds.
  path: Assets/2DModels/Building.prefab
  artifactKey: Guid(e968e3a9e1606a542b7887c1c192b0c0) Importer(815301076,1909f56bfc062723c751e8b465ee728b)
Start importing Assets/2DModels/Building.prefab using Guid(e968e3a9e1606a542b7887c1c192b0c0) Importer(815301076,1909f56bfc062723c751e8b465ee728b)  -> (artifact id: '98e250f9a6bc04ef34494e376e4b3157') in 0.008606 seconds
  Import took 0.012333 seconds .

========================================================================
Received Import Request.
  Time since last request: 1.178893 seconds.
  path: Assets/2DModels/Building.prefab
  artifactKey: Guid(e968e3a9e1606a542b7887c1c192b0c0) Importer(815301076,1909f56bfc062723c751e8b465ee728b)
Start importing Assets/2DModels/Building.prefab using Guid(e968e3a9e1606a542b7887c1c192b0c0) Importer(815301076,1909f56bfc062723c751e8b465ee728b)  -> (artifact id: '8df690b2471a8c1d3117e65de0713ad3') in 0.006691 seconds
  Import took 0.009992 seconds .

========================================================================
Received Import Request.
  Time since last request: 15.171301 seconds.
  path: Assets/2DModels/Building.prefab
  artifactKey: Guid(e968e3a9e1606a542b7887c1c192b0c0) Importer(815301076,1909f56bfc062723c751e8b465ee728b)
Start importing Assets/2DModels/Building.prefab using Guid(e968e3a9e1606a542b7887c1c192b0c0) Importer(815301076,1909f56bfc062723c751e8b465ee728b)  -> (artifact id: '97f87135425708ede2905653a98bebd5') in 0.010295 seconds
  Import took 0.013916 seconds .

========================================================================
Received Import Request.
  Time since last request: 21.482072 seconds.
  path: Assets/2DModels/Building.prefab
  artifactKey: Guid(e968e3a9e1606a542b7887c1c192b0c0) Importer(815301076,1909f56bfc062723c751e8b465ee728b)
Start importing Assets/2DModels/Building.prefab using Guid(e968e3a9e1606a542b7887c1c192b0c0) Importer(815301076,1909f56bfc062723c751e8b465ee728b)  -> (artifact id: '15511ea5ca3ca0cca52f00f053cff6ff') in 0.009311 seconds
  Import took 0.013069 seconds .

========================================================================
Received Import Request.
  Time since last request: 1.954554 seconds.
  path: Assets/2DModels/Building.prefab
  artifactKey: Guid(e968e3a9e1606a542b7887c1c192b0c0) Importer(815301076,1909f56bfc062723c751e8b465ee728b)
Start importing Assets/2DModels/Building.prefab using Guid(e968e3a9e1606a542b7887c1c192b0c0) Importer(815301076,1909f56bfc062723c751e8b465ee728b)  -> (artifact id: 'aea95370afa236b96ea3ecb2c6d9ce76') in 0.007295 seconds
  Import took 0.010596 seconds .

========================================================================
Received Import Request.
  Time since last request: 7.919990 seconds.
  path: Packages/com.unity.2d.sprite/Editor/ObjectMenuCreation/DefaultAssets/Textures/Circle.png
  artifactKey: Guid(ebe73ca9363db456bacf42c025bb4847) Importer(815301076,1909f56bfc062723c751e8b465ee728b)
Start importing Packages/com.unity.2d.sprite/Editor/ObjectMenuCreation/DefaultAssets/Textures/Circle.png using Guid(ebe73ca9363db456bacf42c025bb4847) Importer(815301076,1909f56bfc062723c751e8b465ee728b)  -> (artifact id: '7d8c39de7271b5a455345680f1bcb82c') in 0.075457 seconds
  Import took 0.078773 seconds .

========================================================================
Received Import Request.
  Time since last request: 0.003348 seconds.
  path: Packages/com.unity.2d.sprite/Editor/ObjectMenuCreation/DefaultAssets/Textures/Circle.png
  artifactKey: Guid(ebe73ca9363db456bacf42c025bb4847) Importer(815301076,1909f56bfc062723c751e8b465ee728b)
Start importing Packages/com.unity.2d.sprite/Editor/ObjectMenuCreation/DefaultAssets/Textures/Circle.png using Guid(ebe73ca9363db456bacf42c025bb4847) Importer(815301076,1909f56bfc062723c751e8b465ee728b)  -> (artifact id: '7d8c39de7271b5a455345680f1bcb82c') in 0.012375 seconds
  Import took 0.015561 seconds .

========================================================================
Received Import Request.
  Time since last request: 30.735017 seconds.
  path: Assets/2DModels/Building.prefab
  artifactKey: Guid(e968e3a9e1606a542b7887c1c192b0c0) Importer(815301076,1909f56bfc062723c751e8b465ee728b)
Start importing Assets/2DModels/Building.prefab using Guid(e968e3a9e1606a542b7887c1c192b0c0) Importer(815301076,1909f56bfc062723c751e8b465ee728b)  -> (artifact id: 'b77d3c6bdee6d15acd19a5f13dd3a20c') in 0.011462 seconds
  Import took 0.015196 seconds .

========================================================================
Received Import Request.
  Time since last request: 3.966078 seconds.
  path: Assets/2DModels/Building.prefab
  artifactKey: Guid(e968e3a9e1606a542b7887c1c192b0c0) Importer(815301076,1909f56bfc062723c751e8b465ee728b)
Start importing Assets/2DModels/Building.prefab using Guid(e968e3a9e1606a542b7887c1c192b0c0) Importer(815301076,1909f56bfc062723c751e8b465ee728b)  -> (artifact id: 'a29d5315c57be3201dbefa65a587d188') in 0.016711 seconds
  Import took 0.020858 seconds .

========================================================================
Received Import Request.
  Time since last request: 0.168200 seconds.
  path: Assets/2DModels/Building.prefab
  artifactKey: Guid(e968e3a9e1606a542b7887c1c192b0c0) Importer(815301076,1909f56bfc062723c751e8b465ee728b)
Start importing Assets/2DModels/Building.prefab using Guid(e968e3a9e1606a542b7887c1c192b0c0) Importer(815301076,1909f56bfc062723c751e8b465ee728b)  -> (artifact id: '2f37e3958bec4c772e14861ba62d5f31') in 0.013667 seconds
  Import took 0.017390 seconds .

========================================================================
Received Import Request.
  Time since last request: 65.993318 seconds.
  path: Assets/2DModels/Building.prefab
  artifactKey: Guid(e968e3a9e1606a542b7887c1c192b0c0) Importer(815301076,1909f56bfc062723c751e8b465ee728b)
Start importing Assets/2DModels/Building.prefab using Guid(e968e3a9e1606a542b7887c1c192b0c0) Importer(815301076,1909f56bfc062723c751e8b465ee728b)  -> (artifact id: 'b97f3d4b3e47017716d9d4ff7a9c8cee') in 0.008088 seconds
  Import took 0.011612 seconds .

========================================================================
Received Import Request.
  Time since last request: 0.000788 seconds.
  path: Assets/2DModels/Building.prefab
  artifactKey: Guid(e968e3a9e1606a542b7887c1c192b0c0) Importer(815301076,1909f56bfc062723c751e8b465ee728b)
Start importing Assets/2DModels/Building.prefab using Guid(e968e3a9e1606a542b7887c1c192b0c0) Importer(815301076,1909f56bfc062723c751e8b465ee728b)  -> (artifact id: 'b97f3d4b3e47017716d9d4ff7a9c8cee') in 0.009377 seconds
  Import took 0.012907 seconds .

========================================================================
Received Import Request.
  Time since last request: 0.156366 seconds.
  path: Assets/2DModels/Building.prefab
  artifactKey: Guid(e968e3a9e1606a542b7887c1c192b0c0) Importer(815301076,1909f56bfc062723c751e8b465ee728b)
Start importing Assets/2DModels/Building.prefab using Guid(e968e3a9e1606a542b7887c1c192b0c0) Importer(815301076,1909f56bfc062723c751e8b465ee728b)  -> (artifact id: '4ccfaef43bfadec0f6bbd57efb54fb31') in 0.014272 seconds
  Import took 0.017835 seconds .

========================================================================
Received Import Request.
  Time since last request: 16.679451 seconds.
  path: Assets/2DModels/Building.prefab
  artifactKey: Guid(e968e3a9e1606a542b7887c1c192b0c0) Importer(815301076,1909f56bfc062723c751e8b465ee728b)
Start importing Assets/2DModels/Building.prefab using Guid(e968e3a9e1606a542b7887c1c192b0c0) Importer(815301076,1909f56bfc062723c751e8b465ee728b)  -> (artifact id: 'd7f693aca10d29f7e115e7c607aee069') in 0.007564 seconds
  Import took 0.010942 seconds .

========================================================================
Received Import Request.
  Time since last request: 0.005610 seconds.
  path: Assets/2DModels/Building.prefab
  artifactKey: Guid(e968e3a9e1606a542b7887c1c192b0c0) Importer(815301076,1909f56bfc062723c751e8b465ee728b)
Start importing Assets/2DModels/Building.prefab using Guid(e968e3a9e1606a542b7887c1c192b0c0) Importer(815301076,1909f56bfc062723c751e8b465ee728b)  -> (artifact id: 'd7f693aca10d29f7e115e7c607aee069') in 0.008060 seconds
  Import took 0.011536 seconds .

========================================================================
Received Import Request.
  Time since last request: 23.702124 seconds.
  path: Assets/2DModels/Building.prefab
  artifactKey: Guid(e968e3a9e1606a542b7887c1c192b0c0) Importer(815301076,1909f56bfc062723c751e8b465ee728b)
Start importing Assets/2DModels/Building.prefab using Guid(e968e3a9e1606a542b7887c1c192b0c0) Importer(815301076,1909f56bfc062723c751e8b465ee728b)  -> (artifact id: '04c6407271f7d93681b44a975e2e22d5') in 0.014637 seconds
  Import took 0.018634 seconds .

========================================================================
Received Import Request.
  Time since last request: 3.285928 seconds.
  path: Assets/2DModels/Building.prefab
  artifactKey: Guid(e968e3a9e1606a542b7887c1c192b0c0) Importer(815301076,1909f56bfc062723c751e8b465ee728b)
Start importing Assets/2DModels/Building.prefab using Guid(e968e3a9e1606a542b7887c1c192b0c0) Importer(815301076,1909f56bfc062723c751e8b465ee728b)  -> (artifact id: 'd52c6c92afd7d76aea03d08e7b3e7ec4') in 0.011485 seconds
  Import took 0.015157 seconds .

========================================================================
Received Prepare
Registering precompiled user dll's ...
Registered in 0.004183 seconds.
Begin MonoManager ReloadAssembly
Native extension for WindowsStandalone target not found
Refreshing native plugins compatible for Editor in 0.40 ms, found 3 plugins.
Preloading 0 native plugins for Editor in 0.00 ms.
Mono: successfully reloaded assembly
- Completed reload, in  1.005 seconds
Platform modules already initialized, skipping
Refreshing native plugins compatible for Editor in 0.44 ms, found 3 plugins.
Preloading 0 native plugins for Editor in 0.00 ms.
Unloading 2079 Unused Serialized files (Serialized files now loaded: 0)
System memory in use before: 96.2 MB.
System memory in use after: 96.2 MB.

Unloading 21 unused Assets to reduce memory usage. Loaded Objects now: 2532.
Total: 2.035100 ms (FindLiveObjects: 0.166100 ms CreateObjectMapping: 0.078000 ms MarkObjects: 1.703400 ms  DeleteObjects: 0.086700 ms)

========================================================================
Received Prepare
Registering precompiled user dll's ...
Registered in 0.004553 seconds.
Begin MonoManager ReloadAssembly
Native extension for WindowsStandalone target not found
Refreshing native plugins compatible for Editor in 0.53 ms, found 3 plugins.
Preloading 0 native plugins for Editor in 0.00 ms.
Mono: successfully reloaded assembly
- Completed reload, in  0.968 seconds
Platform modules already initialized, skipping
Refreshing native plugins compatible for Editor in 0.36 ms, found 3 plugins.
Preloading 0 native plugins for Editor in 0.00 ms.
Unloading 2079 Unused Serialized files (Serialized files now loaded: 0)
System memory in use before: 96.2 MB.
System memory in use after: 96.2 MB.

Unloading 21 unused Assets to reduce memory usage. Loaded Objects now: 2536.
Total: 1.973900 ms (FindLiveObjects: 0.171200 ms CreateObjectMapping: 0.098300 ms MarkObjects: 1.604000 ms  DeleteObjects: 0.099400 ms)

========================================================================
Received Prepare
Registering precompiled user dll's ...
Registered in 0.003962 seconds.
Begin MonoManager ReloadAssembly
Native extension for WindowsStandalone target not found
Refreshing native plugins compatible for Editor in 0.38 ms, found 3 plugins.
Preloading 0 native plugins for Editor in 0.00 ms.
Mono: successfully reloaded assembly
- Completed reload, in  1.015 seconds
Platform modules already initialized, skipping
Refreshing native plugins compatible for Editor in 0.37 ms, found 3 plugins.
Preloading 0 native plugins for Editor in 0.00 ms.
Unloading 2079 Unused Serialized files (Serialized files now loaded: 0)
System memory in use before: 96.2 MB.
System memory in use after: 96.2 MB.

Unloading 21 unused Assets to reduce memory usage. Loaded Objects now: 2540.
Total: 2.109500 ms (FindLiveObjects: 0.151800 ms CreateObjectMapping: 0.058800 ms MarkObjects: 1.789600 ms  DeleteObjects: 0.108200 ms)

========================================================================
Received Prepare
Registering precompiled user dll's ...
Registered in 0.004221 seconds.
Begin MonoManager ReloadAssembly
Native extension for WindowsStandalone target not found
Refreshing native plugins compatible for Editor in 0.45 ms, found 3 plugins.
Preloading 0 native plugins for Editor in 0.00 ms.
Mono: successfully reloaded assembly
- Completed reload, in  1.136 seconds
Platform modules already initialized, skipping
Refreshing native plugins compatible for Editor in 0.56 ms, found 3 plugins.
Preloading 0 native plugins for Editor in 0.00 ms.
Unloading 2079 Unused Serialized files (Serialized files now loaded: 0)
System memory in use before: 96.3 MB.
System memory in use after: 96.2 MB.

Unloading 21 unused Assets to reduce memory usage. Loaded Objects now: 2544.
Total: 2.574300 ms (FindLiveObjects: 0.270300 ms CreateObjectMapping: 0.128200 ms MarkObjects: 2.067500 ms  DeleteObjects: 0.107300 ms)

========================================================================
Received Prepare
Registering precompiled user dll's ...
Registered in 0.004603 seconds.
Begin MonoManager ReloadAssembly
Native extension for WindowsStandalone target not found
Refreshing native plugins compatible for Editor in 0.38 ms, found 3 plugins.
Preloading 0 native plugins for Editor in 0.00 ms.
Mono: successfully reloaded assembly
- Completed reload, in  0.910 seconds
Platform modules already initialized, skipping
Refreshing native plugins compatible for Editor in 0.40 ms, found 3 plugins.
Preloading 0 native plugins for Editor in 0.00 ms.
Unloading 2079 Unused Serialized files (Serialized files now loaded: 0)
System memory in use before: 96.3 MB.
System memory in use after: 96.3 MB.

Unloading 21 unused Assets to reduce memory usage. Loaded Objects now: 2548.
Total: 2.156600 ms (FindLiveObjects: 0.178500 ms CreateObjectMapping: 0.060800 ms MarkObjects: 1.783600 ms  DeleteObjects: 0.132700 ms)

AssetImportWorkerClient::OnTransportError - code=2 error=End of file
