Using pre-set license
Built from '2020.3/staging' branch; Version is '2020.3.4f1 (0abb6314276a) revision 703331'; Using compiler version '192528614'; Build Type 'Release'
OS: 'Windows 10 Pro; OS build 19042.985; Version 2009; 64bit' Language: 'fr' Physical Memory: 16308 MB
BatchMode: 1, IsHumanControllingUs: 0, StartBugReporterOnCrash: 0, Is64bit: 1, IsPro: 0

 COMMAND LINE ARGUMENTS:
C:\Program Files\Unity\Hub\Editor\2020.3.4f1\Editor\Unity.exe
-adb2
-batchMode
-noUpm
-name
AssetImportWorker0
-projectPath
C:/Users/schad/Desktop/TravailDeDiplome/CovidPropagationGUI
-logFile
Logs/AssetImportWorker0.log
-srvPort
57694
Successfully changed project path to: C:/Users/schad/Desktop/TravailDeDiplome/CovidPropagationGUI
C:/Users/schad/Desktop/TravailDeDiplome/CovidPropagationGUI
Using Asset Import Pipeline V2.
Refreshing native plugins compatible for Editor in 19.78 ms, found 0 plugins.
Preloading 0 native plugins for Editor in 0.00 ms.
Initialize engine version: 2020.3.4f1 (0abb6314276a)
[Subsystems] Discovering subsystems at path C:/Program Files/Unity/Hub/Editor/2020.3.4f1/Editor/Data/Resources/UnitySubsystems
[Subsystems] Discovering subsystems at path C:/Users/schad/Desktop/TravailDeDiplome/CovidPropagationGUI/Assets
GfxDevice: creating device client; threaded=0
Direct3D:
    Version:  Direct3D 11.0 [level 11.1]
    Renderer: NVIDIA GeForce RTX 3070 (ID=0x2484)
    Vendor:   
    VRAM:     8043 MB
    Driver:   27.21.14.6647
Initialize mono
Mono path[0] = 'C:/Program Files/Unity/Hub/Editor/2020.3.4f1/Editor/Data/Managed'
Mono path[1] = 'C:/Program Files/Unity/Hub/Editor/2020.3.4f1/Editor/Data/MonoBleedingEdge/lib/mono/unityjit'
Mono config path = 'C:/Program Files/Unity/Hub/Editor/2020.3.4f1/Editor/Data/MonoBleedingEdge/etc'
Using monoOptions --debugger-agent=transport=dt_socket,embedding=1,server=y,suspend=n,address=127.0.0.1:56988
Begin MonoManager ReloadAssembly
Registering precompiled unity dll's ...
Register platform support module: C:/Program Files/Unity/Hub/Editor/2020.3.4f1/Editor/Data/PlaybackEngines/WindowsStandaloneSupport/UnityEditor.WindowsStandalone.Extensions.dll
Registered in 0.001577 seconds.
Native extension for WindowsStandalone target not found
Refreshing native plugins compatible for Editor in 35.72 ms, found 0 plugins.
Preloading 0 native plugins for Editor in 0.00 ms.
Mono: successfully reloaded assembly
- Completed reload, in  0.992 seconds
Platform modules already initialized, skipping
Registering precompiled user dll's ...
Registered in 0.000541 seconds.
Begin MonoManager ReloadAssembly
Native extension for WindowsStandalone target not found
Refreshing native plugins compatible for Editor in 0.16 ms, found 0 plugins.
Preloading 0 native plugins for Editor in 0.00 ms.
Mono: successfully reloaded assembly
- Completed reload, in  0.728 seconds
Platform modules already initialized, skipping
========================================================================
Worker process is ready to serve import requests
Launched and connected shader compiler UnityShaderCompiler.exe after 0.03 seconds
Refreshing native plugins compatible for Editor in 0.16 ms, found 0 plugins.
Preloading 0 native plugins for Editor in 0.00 ms.
Unloading 1120 Unused Serialized files (Serialized files now loaded: 0)
System memory in use before: 57.7 MB.
System memory in use after: 57.8 MB.

Unloading 10 unused Assets to reduce memory usage. Loaded Objects now: 1563.
Total: 1.179600 ms (FindLiveObjects: 0.102600 ms CreateObjectMapping: 0.032300 ms MarkObjects: 0.990200 ms  DeleteObjects: 0.053900 ms)

========================================================================
Received Import Request.
  path: Assets/TestECS/CubeSpawner.cs
  artifactKey: Guid(e755790af0f87ad49a82e06007c0e925) Importer(815301076,1909f56bfc062723c751e8b465ee728b)
Start importing Assets/TestECS/CubeSpawner.cs using Guid(e755790af0f87ad49a82e06007c0e925) Importer(815301076,1909f56bfc062723c751e8b465ee728b)  -> (artifact id: 'd73dacf6d51fed653534f173155f3c57') in 0.059299 seconds
  Import took 0.066167 seconds .

========================================================================
Received Prepare
Registering precompiled user dll's ...
Registered in 0.000509 seconds.
Begin MonoManager ReloadAssembly
Native extension for WindowsStandalone target not found
Refreshing native plugins compatible for Editor in 0.17 ms, found 0 plugins.
Preloading 0 native plugins for Editor in 0.00 ms.
Mono: successfully reloaded assembly
- Completed reload, in  0.615 seconds
Platform modules already initialized, skipping
Refreshing native plugins compatible for Editor in 0.15 ms, found 0 plugins.
Preloading 0 native plugins for Editor in 0.00 ms.
Unloading 1115 Unused Serialized files (Serialized files now loaded: 0)
System memory in use before: 57.7 MB.
System memory in use after: 57.7 MB.

Unloading 5 unused Assets to reduce memory usage. Loaded Objects now: 1566.
Total: 1.412700 ms (FindLiveObjects: 0.106100 ms CreateObjectMapping: 0.030100 ms MarkObjects: 1.240600 ms  DeleteObjects: 0.035200 ms)

========================================================================
Received Import Request.
  Time since last request: 97.832177 seconds.
  path: Assets/TestECS/CubeSpawner.cs
  artifactKey: Guid(e755790af0f87ad49a82e06007c0e925) Importer(815301076,1909f56bfc062723c751e8b465ee728b)
Start importing Assets/TestECS/CubeSpawner.cs using Guid(e755790af0f87ad49a82e06007c0e925) Importer(815301076,1909f56bfc062723c751e8b465ee728b)  -> (artifact id: '86fa6bd75a00b37273335f9b70ceeeec') in 0.002886 seconds
  Import took 0.004240 seconds .

========================================================================
Received Prepare
Registering precompiled user dll's ...
Registered in 0.000505 seconds.
Begin MonoManager ReloadAssembly
Native extension for WindowsStandalone target not found
Refreshing native plugins compatible for Editor in 0.36 ms, found 0 plugins.
Preloading 0 native plugins for Editor in 0.00 ms.
Mono: successfully reloaded assembly
- Completed reload, in  0.629 seconds
Platform modules already initialized, skipping
Refreshing native plugins compatible for Editor in 0.17 ms, found 0 plugins.
Preloading 0 native plugins for Editor in 0.00 ms.
Unloading 1114 Unused Serialized files (Serialized files now loaded: 0)
System memory in use before: 57.7 MB.
System memory in use after: 57.7 MB.

Unloading 6 unused Assets to reduce memory usage. Loaded Objects now: 1568.
Total: 1.366700 ms (FindLiveObjects: 0.162400 ms CreateObjectMapping: 0.053100 ms MarkObjects: 1.109500 ms  DeleteObjects: 0.040800 ms)

========================================================================
Received Import Request.
  Time since last request: 148.404700 seconds.
  path: Assets/3DModels/Person.prefab
  artifactKey: Guid(85eff30052253924e988668e625c4e76) Importer(815301076,1909f56bfc062723c751e8b465ee728b)
Start importing Assets/3DModels/Person.prefab using Guid(85eff30052253924e988668e625c4e76) Importer(815301076,1909f56bfc062723c751e8b465ee728b)  -> (artifact id: '429fbeb01e0d4469182129516278efe5') in 0.063795 seconds
  Import took 0.065350 seconds .

========================================================================
Received Prepare
Registering precompiled user dll's ...
Registered in 0.000504 seconds.
Begin MonoManager ReloadAssembly
Native extension for WindowsStandalone target not found
Refreshing native plugins compatible for Editor in 0.15 ms, found 0 plugins.
Preloading 0 native plugins for Editor in 0.00 ms.
Mono: successfully reloaded assembly
- Completed reload, in  0.632 seconds
Platform modules already initialized, skipping
Refreshing native plugins compatible for Editor in 0.16 ms, found 0 plugins.
Preloading 0 native plugins for Editor in 0.00 ms.
Unloading 1114 Unused Serialized files (Serialized files now loaded: 0)
System memory in use before: 60.8 MB.
System memory in use after: 60.9 MB.

Unloading 5 unused Assets to reduce memory usage. Loaded Objects now: 1579.
Total: 1.224700 ms (FindLiveObjects: 0.098100 ms CreateObjectMapping: 0.026100 ms MarkObjects: 1.067000 ms  DeleteObjects: 0.032800 ms)

========================================================================
Received Prepare
Registering precompiled user dll's ...
Registered in 0.000539 seconds.
Begin MonoManager ReloadAssembly
Native extension for WindowsStandalone target not found
Refreshing native plugins compatible for Editor in 0.17 ms, found 0 plugins.
Preloading 0 native plugins for Editor in 0.00 ms.
Mono: successfully reloaded assembly
- Completed reload, in  0.627 seconds
Platform modules already initialized, skipping
Refreshing native plugins compatible for Editor in 0.16 ms, found 0 plugins.
Preloading 0 native plugins for Editor in 0.00 ms.
Unloading 1114 Unused Serialized files (Serialized files now loaded: 0)
System memory in use before: 60.8 MB.
System memory in use after: 60.9 MB.

Unloading 5 unused Assets to reduce memory usage. Loaded Objects now: 1582.
Total: 1.200200 ms (FindLiveObjects: 0.103000 ms CreateObjectMapping: 0.028400 ms MarkObjects: 1.027600 ms  DeleteObjects: 0.040300 ms)

========================================================================
Received Import Request.
  Time since last request: 637.507378 seconds.
  path: Assets/LotsOfStuff
  artifactKey: Guid(d277ee35667006b479ba11134bfed192) Importer(815301076,1909f56bfc062723c751e8b465ee728b)
Start importing Assets/LotsOfStuff using Guid(d277ee35667006b479ba11134bfed192) Importer(815301076,1909f56bfc062723c751e8b465ee728b)  -> (artifact id: '2e18534d2f30e66a8ba34d85230c754e') in 0.007230 seconds
  Import took 0.008933 seconds .

========================================================================
Received Import Request.
  Time since last request: 18.487665 seconds.
  path: Assets/LotsOfStuff/test.cs
  artifactKey: Guid(468e8fe71bdeb0a4ca3b6f53e451ef31) Importer(815301076,1909f56bfc062723c751e8b465ee728b)
Start importing Assets/LotsOfStuff/test.cs using Guid(468e8fe71bdeb0a4ca3b6f53e451ef31) Importer(815301076,1909f56bfc062723c751e8b465ee728b)  -> (artifact id: '29d10056ec560edbd54e33b0252907ca') in 0.005731 seconds
  Import took 0.007369 seconds .

========================================================================
Received Prepare
Registering precompiled user dll's ...
Registered in 0.000515 seconds.
Begin MonoManager ReloadAssembly
Native extension for WindowsStandalone target not found
Refreshing native plugins compatible for Editor in 0.16 ms, found 0 plugins.
Preloading 0 native plugins for Editor in 0.00 ms.
Mono: successfully reloaded assembly
- Completed reload, in  0.646 seconds
Platform modules already initialized, skipping
Refreshing native plugins compatible for Editor in 0.15 ms, found 0 plugins.
Preloading 0 native plugins for Editor in 0.00 ms.
Unloading 1115 Unused Serialized files (Serialized files now loaded: 0)
System memory in use before: 60.8 MB.
System memory in use after: 60.9 MB.

Unloading 5 unused Assets to reduce memory usage. Loaded Objects now: 1586.
Total: 1.118300 ms (FindLiveObjects: 0.092900 ms CreateObjectMapping: 0.027000 ms MarkObjects: 0.964600 ms  DeleteObjects: 0.033200 ms)

========================================================================
Received Prepare
Registering precompiled user dll's ...
Registered in 0.000661 seconds.
Begin MonoManager ReloadAssembly
Native extension for WindowsStandalone target not found
Refreshing native plugins compatible for Editor in 0.24 ms, found 0 plugins.
Preloading 0 native plugins for Editor in 0.00 ms.
Mono: successfully reloaded assembly
- Completed reload, in  0.617 seconds
Platform modules already initialized, skipping
Refreshing native plugins compatible for Editor in 0.15 ms, found 0 plugins.
Preloading 0 native plugins for Editor in 0.00 ms.
Unloading 1115 Unused Serialized files (Serialized files now loaded: 0)
System memory in use before: 60.8 MB.
System memory in use after: 60.9 MB.

Unloading 5 unused Assets to reduce memory usage. Loaded Objects now: 1589.
Total: 1.305400 ms (FindLiveObjects: 0.111100 ms CreateObjectMapping: 0.033200 ms MarkObjects: 1.121400 ms  DeleteObjects: 0.039200 ms)

========================================================================
Received Import Request.
  Time since last request: 20.085273 seconds.
  path: Assets/LotsOfStuff/test.cs
  artifactKey: Guid(468e8fe71bdeb0a4ca3b6f53e451ef31) Importer(815301076,1909f56bfc062723c751e8b465ee728b)
Start importing Assets/LotsOfStuff/test.cs using Guid(468e8fe71bdeb0a4ca3b6f53e451ef31) Importer(815301076,1909f56bfc062723c751e8b465ee728b)  -> (artifact id: '810a18ab047df017a2c088ff67352c29') in 0.003122 seconds
  Import took 0.004561 seconds .

========================================================================
Received Import Request.
  Time since last request: 37.442931 seconds.
  path: Assets/Scripts
  artifactKey: Guid(82e05457916c1834bb51a30e7cd5ac30) Importer(815301076,1909f56bfc062723c751e8b465ee728b)
Start importing Assets/Scripts using Guid(82e05457916c1834bb51a30e7cd5ac30) Importer(815301076,1909f56bfc062723c751e8b465ee728b)  -> (artifact id: 'fbe46db5380f9abb91258811d9e518bf') in 0.005727 seconds
  Import took 0.007208 seconds .

========================================================================
Received Prepare
Registering precompiled user dll's ...
Registered in 0.000517 seconds.
Begin MonoManager ReloadAssembly
Native extension for WindowsStandalone target not found
Refreshing native plugins compatible for Editor in 0.16 ms, found 0 plugins.
Preloading 0 native plugins for Editor in 0.00 ms.
Mono: successfully reloaded assembly
- Completed reload, in  0.572 seconds
Platform modules already initialized, skipping
Refreshing native plugins compatible for Editor in 0.15 ms, found 0 plugins.
Preloading 0 native plugins for Editor in 0.00 ms.
Unloading 1115 Unused Serialized files (Serialized files now loaded: 0)
System memory in use before: 60.9 MB.
System memory in use after: 60.9 MB.

Unloading 5 unused Assets to reduce memory usage. Loaded Objects now: 1592.
Total: 1.230900 ms (FindLiveObjects: 0.110500 ms CreateObjectMapping: 0.032300 ms MarkObjects: 1.046200 ms  DeleteObjects: 0.041100 ms)

========================================================================
Received Import Request.
  Time since last request: 65.656195 seconds.
  path: Assets/LotsOfStuff/test.cs
  artifactKey: Guid(468e8fe71bdeb0a4ca3b6f53e451ef31) Importer(815301076,1909f56bfc062723c751e8b465ee728b)
Start importing Assets/LotsOfStuff/test.cs using Guid(468e8fe71bdeb0a4ca3b6f53e451ef31) Importer(815301076,1909f56bfc062723c751e8b465ee728b)  -> (artifact id: 'ee6e9b9328077efa05634485be35baab') in 0.004759 seconds
  Import took 0.006256 seconds .

========================================================================
Received Import Request.
  Time since last request: 0.018991 seconds.
  path: Assets/LotsOfStuff/test.cs
  artifactKey: Guid(468e8fe71bdeb0a4ca3b6f53e451ef31) Importer(815301076,1909f56bfc062723c751e8b465ee728b)
Start importing Assets/LotsOfStuff/test.cs using Guid(468e8fe71bdeb0a4ca3b6f53e451ef31) Importer(815301076,1909f56bfc062723c751e8b465ee728b)  -> (artifact id: 'ee6e9b9328077efa05634485be35baab') in 0.002129 seconds
  Import took 0.003669 seconds .

========================================================================
Received Import Request.
  Time since last request: 5.033035 seconds.
  path: Assets/LotsOfStuff/ExampleClass.cs
  artifactKey: Guid(468e8fe71bdeb0a4ca3b6f53e451ef31) Importer(815301076,1909f56bfc062723c751e8b465ee728b)
Start importing Assets/LotsOfStuff/ExampleClass.cs using Guid(468e8fe71bdeb0a4ca3b6f53e451ef31) Importer(815301076,1909f56bfc062723c751e8b465ee728b)  -> (artifact id: '49ddf97cc86946ec997c322a99393d35') in 0.005386 seconds
  Import took 0.007883 seconds .

========================================================================
Received Prepare
Registering precompiled user dll's ...
Registered in 0.000485 seconds.
Begin MonoManager ReloadAssembly
Native extension for WindowsStandalone target not found
Refreshing native plugins compatible for Editor in 0.28 ms, found 0 plugins.
Preloading 0 native plugins for Editor in 0.00 ms.
Mono: successfully reloaded assembly
- Completed reload, in  0.662 seconds
Platform modules already initialized, skipping
Refreshing native plugins compatible for Editor in 0.23 ms, found 0 plugins.
Preloading 0 native plugins for Editor in 0.00 ms.
Unloading 1115 Unused Serialized files (Serialized files now loaded: 0)
System memory in use before: 60.9 MB.
System memory in use after: 60.9 MB.

Unloading 5 unused Assets to reduce memory usage. Loaded Objects now: 1595.
Total: 1.548500 ms (FindLiveObjects: 0.160200 ms CreateObjectMapping: 0.032900 ms MarkObjects: 1.303600 ms  DeleteObjects: 0.051000 ms)

========================================================================
Received Import Request.
  Time since last request: 15.298799 seconds.
  path: Assets/3DModels/Transports/Materials/Bike_Material.mat
  artifactKey: Guid(8d4d66589455b90429ba054f7a73e45e) Importer(815301076,1909f56bfc062723c751e8b465ee728b)
Start importing Assets/3DModels/Transports/Materials/Bike_Material.mat using Guid(8d4d66589455b90429ba054f7a73e45e) Importer(815301076,1909f56bfc062723c751e8b465ee728b)  -> (artifact id: 'e1d37db7161e1730278a5b10f36062da') in 0.061866 seconds
  Import took 0.064015 seconds .

========================================================================
Received Import Request.
  Time since last request: 0.000154 seconds.
  path: Assets/3DModels/Transports/Materials/Car_Material.mat
  artifactKey: Guid(a59178744a8bfb44fa677d011a312dbc) Importer(815301076,1909f56bfc062723c751e8b465ee728b)
Start importing Assets/3DModels/Transports/Materials/Car_Material.mat using Guid(a59178744a8bfb44fa677d011a312dbc) Importer(815301076,1909f56bfc062723c751e8b465ee728b)  -> (artifact id: '91c16b86c78753e15ec6003393f0bc63') in 0.015211 seconds
  Import took 0.016992 seconds .

========================================================================
Received Import Request.
  Time since last request: 0.000159 seconds.
  path: Assets/3DModels/Transports/Materials/Bus_Material.mat
  artifactKey: Guid(ab5750062e9820547befab786a56c1b2) Importer(815301076,1909f56bfc062723c751e8b465ee728b)
Start importing Assets/3DModels/Transports/Materials/Bus_Material.mat using Guid(ab5750062e9820547befab786a56c1b2) Importer(815301076,1909f56bfc062723c751e8b465ee728b)  -> (artifact id: '00c4293545e6be98c47c2ff9e31fd95a') in 0.018399 seconds
  Import took 0.020220 seconds .

========================================================================
Received Prepare
Registering precompiled user dll's ...
Registered in 0.000529 seconds.
Begin MonoManager ReloadAssembly
Native extension for WindowsStandalone target not found
Refreshing native plugins compatible for Editor in 0.16 ms, found 0 plugins.
Preloading 0 native plugins for Editor in 0.00 ms.
Mono: successfully reloaded assembly
- Completed reload, in  0.639 seconds
Platform modules already initialized, skipping
Refreshing native plugins compatible for Editor in 0.16 ms, found 0 plugins.
Preloading 0 native plugins for Editor in 0.00 ms.
Unloading 1115 Unused Serialized files (Serialized files now loaded: 0)
System memory in use before: 61.1 MB.
System memory in use after: 61.2 MB.

Unloading 5 unused Assets to reduce memory usage. Loaded Objects now: 1632.
Total: 1.218600 ms (FindLiveObjects: 0.097600 ms CreateObjectMapping: 0.026100 ms MarkObjects: 1.062100 ms  DeleteObjects: 0.032300 ms)

========================================================================
Received Prepare
Registering precompiled user dll's ...
Registered in 0.000520 seconds.
Begin MonoManager ReloadAssembly
Native extension for WindowsStandalone target not found
Refreshing native plugins compatible for Editor in 0.15 ms, found 0 plugins.
Preloading 0 native plugins for Editor in 0.00 ms.
Mono: successfully reloaded assembly
- Completed reload, in  0.646 seconds
Platform modules already initialized, skipping
Refreshing native plugins compatible for Editor in 0.18 ms, found 0 plugins.
Preloading 0 native plugins for Editor in 0.00 ms.
Unloading 1115 Unused Serialized files (Serialized files now loaded: 0)
System memory in use before: 61.1 MB.
System memory in use after: 61.2 MB.

Unloading 5 unused Assets to reduce memory usage. Loaded Objects now: 1635.
Total: 1.266500 ms (FindLiveObjects: 0.118300 ms CreateObjectMapping: 0.031200 ms MarkObjects: 1.080600 ms  DeleteObjects: 0.035700 ms)

========================================================================
Received Prepare
Registering precompiled user dll's ...
Registered in 0.000464 seconds.
Begin MonoManager ReloadAssembly
Native extension for WindowsStandalone target not found
Refreshing native plugins compatible for Editor in 0.16 ms, found 0 plugins.
Preloading 0 native plugins for Editor in 0.00 ms.
Mono: successfully reloaded assembly
- Completed reload, in  0.563 seconds
Platform modules already initialized, skipping
Refreshing native plugins compatible for Editor in 0.16 ms, found 0 plugins.
Preloading 0 native plugins for Editor in 0.00 ms.
Unloading 1114 Unused Serialized files (Serialized files now loaded: 0)
System memory in use before: 61.1 MB.
System memory in use after: 61.1 MB.

Unloading 6 unused Assets to reduce memory usage. Loaded Objects now: 1637.
Total: 1.143900 ms (FindLiveObjects: 0.096400 ms CreateObjectMapping: 0.026500 ms MarkObjects: 0.986000 ms  DeleteObjects: 0.034300 ms)

========================================================================
Received Prepare
Registering precompiled user dll's ...
Registered in 0.000494 seconds.
Begin MonoManager ReloadAssembly
Native extension for WindowsStandalone target not found
Refreshing native plugins compatible for Editor in 0.15 ms, found 0 plugins.
Preloading 0 native plugins for Editor in 0.00 ms.
Mono: successfully reloaded assembly
- Completed reload, in  0.577 seconds
Platform modules already initialized, skipping
Refreshing native plugins compatible for Editor in 0.15 ms, found 0 plugins.
Preloading 0 native plugins for Editor in 0.00 ms.
Unloading 1114 Unused Serialized files (Serialized files now loaded: 0)
System memory in use before: 61.1 MB.
System memory in use after: 61.1 MB.

Unloading 5 unused Assets to reduce memory usage. Loaded Objects now: 1640.
Total: 1.205800 ms (FindLiveObjects: 0.108700 ms CreateObjectMapping: 0.029500 ms MarkObjects: 1.028400 ms  DeleteObjects: 0.038500 ms)

========================================================================
Received Import Request.
  Time since last request: 381.875833 seconds.
  path: Assets/Scenes
  artifactKey: Guid(cf53b48c689184c4382bb91b1911179d) Importer(815301076,1909f56bfc062723c751e8b465ee728b)
Start importing Assets/Scenes using Guid(cf53b48c689184c4382bb91b1911179d) Importer(815301076,1909f56bfc062723c751e8b465ee728b)  -> (artifact id: '38b7d4c524ad90316ea12c23f4b34002') in 0.006526 seconds
  Import took 0.008105 seconds .

========================================================================
Received Import Request.
  Time since last request: 0.707336 seconds.
  path: Assets/Scenes/GUI.unity
  artifactKey: Guid(9fc0d4010bbf28b4594072e72b8655ab) Importer(815301076,1909f56bfc062723c751e8b465ee728b)
Start importing Assets/Scenes/GUI.unity using Guid(9fc0d4010bbf28b4594072e72b8655ab) Importer(815301076,1909f56bfc062723c751e8b465ee728b)  -> (artifact id: '63c366646b3848239f83ed16793fdc1f') in 0.009293 seconds
  Import took 0.010756 seconds .

AssetImportWorkerClient::OnTransportError - code=2 error=End of file
